1:C 01 Feb 2023 16:50:07.862 # oO0OoO0OoO0Oo Redis is starting oO0OoO0OoO0Oo
1:C 01 Feb 2023 16:50:07.863 # Redis version=6.2.6, bits=64, commit=00000000, modified=0, pid=1, just started
1:C 01 Feb 2023 16:50:07.864 # Configuration loaded
1:M 01 Feb 2023 16:50:07.867 * monotonic clock: POSIX clock_gettime
                _._                                                  
           _.-``__ ''-._                                             
      _.-``    `.  `_.  ''-._           Redis 6.2.6 (00000000/0) 64 bit
  .-`` .-```.  ```\/    _.,_ ''-._                                  
 (    '      ,       .-`  | `,    )     Running in standalone mode
 |`-._`-...-` __...-.``-._|'` _.-'|     Port: 6379
 |    `-._   `._    /     _.-'    |     PID: 1
  `-._    `-._  `-./  _.-'    _.-'                                   
 |`-._`-._    `-.__.-'    _.-'_.-'|                                  
 |    `-._`-._        _.-'_.-'    |           https://redis.io       
  `-._    `-._`-.__.-'_.-'    _.-'                                   
 |`-._`-._    `-.__.-'    _.-'_.-'|                                  
 |    `-._`-._        _.-'_.-'    |                                  
  `-._    `-._`-.__.-'_.-'    _.-'                                   
      `-._    `-.__.-'    _.-'                                       
          `-._        _.-'                                           
              `-.__.-'                                               

1:M 01 Feb 2023 16:50:07.871 # Server initialized
1:M 01 Feb 2023 16:50:07.873 * Ready to accept connections
1:C 01 Feb 2023 17:24:13.938 # oO0OoO0OoO0Oo Redis is starting oO0OoO0OoO0Oo
1:C 01 Feb 2023 17:24:13.940 # Redis version=6.2.6, bits=64, commit=00000000, modified=0, pid=1, just started
1:C 01 Feb 2023 17:24:13.941 # Configuration loaded
1:M 01 Feb 2023 17:24:13.943 * monotonic clock: POSIX clock_gettime
                _._                                                  
           _.-``__ ''-._                                             
      _.-``    `.  `_.  ''-._           Redis 6.2.6 (00000000/0) 64 bit
  .-`` .-```.  ```\/    _.,_ ''-._                                  
 (    '      ,       .-`  | `,    )     Running in standalone mode
 |`-._`-...-` __...-.``-._|'` _.-'|     Port: 6379
 |    `-._   `._    /     _.-'    |     PID: 1
  `-._    `-._  `-./  _.-'    _.-'                                   
 |`-._`-._    `-.__.-'    _.-'_.-'|                                  
 |    `-._`-._        _.-'_.-'    |           https://redis.io       
  `-._    `-._`-.__.-'_.-'    _.-'                                   
 |`-._`-._    `-.__.-'    _.-'_.-'|                                  
 |    `-._`-._        _.-'_.-'    |                                  
  `-._    `-._`-.__.-'_.-'    _.-'                                   
      `-._    `-.__.-'    _.-'                                       
          `-._        _.-'                                           
              `-.__.-'                                               

1:M 01 Feb 2023 17:24:13.947 # Server initialized
1:M 01 Feb 2023 17:24:13.950 * Ready to accept connections
1:signal-handler (1675277039) Received SIGTERM scheduling shutdown...
1:M 01 Feb 2023 18:43:59.740 # User requested shutdown...
1:M 01 Feb 2023 18:43:59.741 * Calling fsync() on the AOF file.
1:C 02 Feb 2023 16:51:40.475 # oO0OoO0OoO0Oo Redis is starting oO0OoO0OoO0Oo
1:C 02 Feb 2023 16:51:40.478 # Redis version=6.2.6, bits=64, commit=00000000, modified=0, pid=1, just started
1:C 02 Feb 2023 16:51:40.481 # Configuration loaded
1:M 02 Feb 2023 16:51:40.483 * monotonic clock: POSIX clock_gettime
                _._                                                  
           _.-``__ ''-._                                             
      _.-``    `.  `_.  ''-._           Redis 6.2.6 (00000000/0) 64 bit
  .-`` .-```.  ```\/    _.,_ ''-._                                  
 (    '      ,       .-`  | `,    )     Running in standalone mode
 |`-._`-...-` __...-.``-._|'` _.-'|     Port: 6379
 |    `-._   `._    /     _.-'    |     PID: 1
  `-._    `-._  `-./  _.-'    _.-'                                   
 |`-._`-._    `-.__.-'    _.-'_.-'|                                  
 |    `-._`-._        _.-'_.-'    |           https://redis.io       
  `-._    `-._`-.__.-'_.-'    _.-'                                   
 |`-._`-._    `-.__.-'    _.-'_.-'|                                  
 |    `-._`-._        _.-'_.-'    |                                  
  `-._    `-._`-.__.-'_.-'    _.-'                                   
      `-._    `-.__.-'    _.-'                                       
          `-._        _.-'                                           
              `-.__.-'                                               

1:M 02 Feb 2023 16:51:40.493 # Server initialized
1:M 02 Feb 2023 16:51:40.497 * Ready to accept connections
11:C 02 Feb 2023 17:17:42.600 # oO0OoO0OoO0Oo Redis is starting oO0OoO0OoO0Oo
1:C 02 Feb 2023 17:17:42.602 # Redis version=6.2.6, bits=64, commit=00000000, modified=0, pid=1, just started
1:C 02 Feb 2023 17:17:42.604 # Configuration loaded
1:M 02 Feb 2023 17:17:42.609 * monotonic clock: POSIX clock_gettime
                _._                                                  
           _.-``__ ''-._                                             
      _.-``    `.  `_.  ''-._           Redis 6.2.6 (00000000/0) 64 bit
  .-`` .-```.  ```\/    _.,_ ''-._                                  
 (    '      ,       .-`  | `,    )     Running in standalone mode
 |`-._`-...-` __...-.``-._|'` _.-'|     Port: 6379
 |    `-._   `._    /     _.-'    |     PID: 1
  `-._    `-._  `-./  _.-'    _.-'                                   
 |`-._`-._    `-.__.-'    _.-'_.-'|                                  
 |    `-._`-._        _.-'_.-'    |           https://redis.io       
  `-._    `-._`-.__.-'_.-'    _.-'                                   
 |`-._`-._    `-.__.-'    _.-'_.-'|                                  
 |    `-._`-._        _.-'_.-'    |                                  
  `-._    `-._`-.__.-'_.-'    _.-'                                   
      `-._    `-.__.-'    _.-'                                       
          `-._        _.-'                                           
              `-.__.-'                                               

1:M 02 Feb 2023 17:17:42.614 # Server initialized
1:M 02 Feb 2023 17:17:42.622 * Ready to accept connections
1:C 02 Feb 2023 17:19:56.004 # oO0OoO0OoO0Oo Redis is starting oO0OoO0OoO0Oo
1:C 02 Feb 2023 17:19:56.006 # Redis version=6.2.6, bits=64, commit=00000000, modified=0, pid=1, just started
1:C 02 Feb 2023 17:19:56.008 # Configuration loaded
1:M 02 Feb 2023 17:19:56.011 * monotonic clock: POSIX clock_gettime
                _._                                                  
           _.-``__ ''-._                                             
      _.-``    `.  `_.  ''-._           Redis 6.2.6 (00000000/0) 64 bit
  .-`` .-```.  ```\/    _.,_ ''-._                                  
 (    '      ,       .-`  | `,    )     Running in standalone mode
 |`-._`-...-` __...-.``-._|'` _.-'|     Port: 6379
 |    `-._   `._    /     _.-'    |     PID: 1
  `-._    `-._  `-./  _.-'    _.-'                                   
 |`-._`-._    `-.__.-'    _.-'_.-'|                                  
 |    `-._`-._        _.-'_.-'    |           https://redis.io       
  `-._    `-._`-.__.-'_.-'    _.-'                                   
 |`-._`-._    `-.__.-'    _.-'_.-'|                                  
 |    `-._`-._        _.-'_.-'    |                                  
  `-._    `-._`-.__.-'_.-'    _.-'                                   
      `-._    `-.__.-'    _.-'                                       
          `-._        _.-'                                           
              `-.__.-'                                               

1:M 02 Feb 2023 17:19:56.017 # Server initialized
1:M 02 Feb 2023 17:19:56.021 * Ready to accept connections
1:C 02 Feb 2023 17:20:45.094 # oO0OoO0OoO0Oo Redis is starting oO0OoO0OoO0Oo
1:C 02 Feb 2023 17:20:45.096 # Redis version=6.2.6, bits=64, commit=00000000, modified=0, pid=1, just started
1:C 02 Feb 2023 17:20:45.098 # Configuration loaded
1:M 02 Feb 2023 17:20:45.100 * monotonic clock: POSIX clock_gettime
                _._                                                  
           _.-``__ ''-._                                             
      _.-``    `.  `_.  ''-._           Redis 6.2.6 (00000000/0) 64 bit
  .-`` .-```.  ```\/    _.,_ ''-._                                  
 (    '      ,       .-`  | `,    )     Running in standalone mode
 |`-._`-...-` __...-.``-._|'` _.-'|     Port: 6379
 |    `-._   `._    /     _.-'    |     PID: 1
  `-._    `-._  `-./  _.-'    _.-'                                   
 |`-._`-._    `-.__.-'    _.-'_.-'|                                  
 |    `-._`-._        _.-'_.-'    |           https://redis.io       
  `-._    `-._`-.__.-'_.-'    _.-'                                   
 |`-._`-._    `-.__.-'    _.-'_.-'|                                  
 |    `-._`-._        _.-'_.-'    |                                  
  `-._    `-._`-.__.-'_.-'    _.-'                                   
      `-._    `-.__.-'    _.-'                                       
          `-._        _.-'                                           
              `-.__.-'                                               

1:M 02 Feb 2023 17:20:45.106 # Server initialized
1:M 02 Feb 2023 17:20:45.109 * Ready to accept connections
1:C 04 Feb 2023 13:37:50.629 # oO0OoO0OoO0Oo Redis is starting oO0OoO0OoO0Oo
1:C 04 Feb 2023 13:37:50.632 # Redis version=6.2.6, bits=64, commit=00000000, modified=0, pid=1, just started
1:C 04 Feb 2023 13:37:50.634 # Configuration loaded
1:M 04 Feb 2023 13:37:50.637 * monotonic clock: POSIX clock_gettime
                _._                                                  
           _.-``__ ''-._                                             
      _.-``    `.  `_.  ''-._           Redis 6.2.6 (00000000/0) 64 bit
  .-`` .-```.  ```\/    _.,_ ''-._                                  
 (    '      ,       .-`  | `,    )     Running in standalone mode
 |`-._`-...-` __...-.``-._|'` _.-'|     Port: 6379
 |    `-._   `._    /     _.-'    |     PID: 1
  `-._    `-._  `-./  _.-'    _.-'                                   
 |`-._`-._    `-.__.-'    _.-'_.-'|                                  
 |    `-._`-._        _.-'_.-'    |           https://redis.io       
  `-._    `-._`-.__.-'_.-'    _.-'                                   
 |`-._`-._    `-.__.-'    _.-'_.-'|                                  
 |    `-._`-._        _.-'_.-'    |                                  
  `-._    `-._`-.__.-'_.-'    _.-'                                   
      `-._    `-.__.-'    _.-'                                       
          `-._        _.-'                                           
              `-.__.-'                                               

1:M 04 Feb 2023 13:37:50.645 # Server initialized
1:M 04 Feb 2023 13:37:50.648 * Ready to accept connections
1:C 04 Feb 2023 13:45:41.397 # oO0OoO0OoO0Oo Redis is starting oO0OoO0OoO0Oo
1:C 04 Feb 2023 13:45:41.401 # Redis version=6.2.6, bits=64, commit=00000000, modified=0, pid=1, just started
1:C 04 Feb 2023 13:45:41.407 # Configuration loaded
1:M 04 Feb 2023 13:45:41.416 * monotonic clock: POSIX clock_gettime
                _._                                                  
           _.-``__ ''-._                                             
      _.-``    `.  `_.  ''-._           Redis 6.2.6 (00000000/0) 64 bit
  .-`` .-```.  ```\/    _.,_ ''-._                                  
 (    '      ,       .-`  | `,    )     Running in standalone mode
 |`-._`-...-` __...-.``-._|'` _.-'|     Port: 6379
 |    `-._   `._    /     _.-'    |     PID: 1
  `-._    `-._  `-./  _.-'    _.-'                                   
 |`-._`-._    `-.__.-'    _.-'_.-'|                                  
 |    `-._`-._        _.-'_.-'    |           https://redis.io       
  `-._    `-._`-.__.-'_.-'    _.-'                                   
 |`-._`-._    `-.__.-'    _.-'_.-'|                                  
 |    `-._`-._        _.-'_.-'    |                                  
  `-._    `-._`-.__.-'_.-'    _.-'                                   
      `-._    `-.__.-'    _.-'                                       
          `-._        _.-'                                           
              `-.__.-'                                               

1:M 04 Feb 2023 13:45:41.450 # Server initialized
1:M 04 Feb 2023 13:45:41.464 * Ready to accept connections
1:C 04 Feb 2023 15:48:41.658 # oO0OoO0OoO0Oo Redis is starting oO0OoO0OoO0Oo
1:C 04 Feb 2023 15:48:41.674 # Redis version=6.2.6, bits=64, commit=00000000, modified=0, pid=1, just started
1:C 04 Feb 2023 15:48:41.685 # Configuration loaded
1:M 04 Feb 2023 15:48:41.700 * monotonic clock: POSIX clock_gettime
                _._                                                  
           _.-``__ ''-._                                             
      _.-``    `.  `_.  ''-._           Redis 6.2.6 (00000000/0) 64 bit
  .-`` .-```.  ```\/    _.,_ ''-._                                  
 (    '      ,       .-`  | `,    )     Running in standalone mode
 |`-._`-...-` __...-.``-._|'` _.-'|     Port: 6379
 |    `-._   `._    /     _.-'    |     PID: 1
  `-._    `-._  `-./  _.-'    _.-'                                   
 |`-._`-._    `-.__.-'    _.-'_.-'|                                  
 |    `-._`-._        _.-'_.-'    |           https://redis.io       
  `-._    `-._`-.__.-'_.-'    _.-'                                   
 |`-._`-._    `-.__.-'    _.-'_.-'|                                  
 |    `-._`-._        _.-'_.-'    |                                  
  `-._    `-._`-.__.-'_.-'    _.-'                                   
      `-._    `-.__.-'    _.-'                                       
          `-._        _.-'                                           
              `-.__.-'                                               

1:M 04 Feb 2023 15:48:41.712 # Server initialized
1:M 04 Feb 2023 15:48:41.724 * Ready to accept connections
11:C 04 Feb 2023 16:16:24.949 # oO0OoO0OoO0Oo Redis is starting oO0OoO0OoO0Oo
1:C 04 Feb 2023 16:16:24.964 # Redis version=6.2.6, bits=64, commit=00000000, modified=0, pid=1, just started
1:C 04 Feb 2023 16:16:24.967 # Configuration loaded
1:M 04 Feb 2023 16:16:24.970 * monotonic clock: POSIX clock_gettime
                _._                                                  
           _.-``__ ''-._                                             
      _.-``    `.  `_.  ''-._           Redis 6.2.6 (00000000/0) 64 bit
  .-`` .-```.  ```\/    _.,_ ''-._                                  
 (    '      ,       .-`  | `,    )     Running in standalone mode
 |`-._`-...-` __...-.``-._|'` _.-'|     Port: 6379
 |    `-._   `._    /     _.-'    |     PID: 1
  `-._    `-._  `-./  _.-'    _.-'                                   
 |`-._`-._    `-.__.-'    _.-'_.-'|                                  
 |    `-._`-._        _.-'_.-'    |           https://redis.io       
  `-._    `-._`-.__.-'_.-'    _.-'                                   
 |`-._`-._    `-.__.-'    _.-'_.-'|                                  
 |    `-._`-._        _.-'_.-'    |                                  
  `-._    `-._`-.__.-'_.-'    _.-'                                   
      `-._    `-.__.-'    _.-'                                       
          `-._        _.-'                                           
              `-.__.-'                                               

1:M 04 Feb 2023 16:16:24.984 # Server initialized
1:M 04 Feb 2023 16:16:24.993 * Ready to accept connections
1:signal-handler (1675535117) Received SIGTERM scheduling shutdown...
1:M 04 Feb 2023 18:25:17.073 # User requested shutdown...
1:M 04 Feb 2023 18:25:17.091 * Calling fsync() on the AOF file.
1:C 04 Feb 2023 18:26:51.382 # oO0OoO0OoO0Oo Redis is starting oO0OoO0OoO0Oo
1:C 04 Feb 2023 18:26:51.401 # Redis version=6.2.6, bits=64, commit=00000000, modified=0, pid=1, just started
1:C 04 Feb 2023 18:26:51.419 # Configuration loaded
1:M 04 Feb 2023 18:26:51.430 * monotonic clock: POSIX clock_gettime
                _._                                                  
           _.-``__ ''-._                                             
      _.-``    `.  `_.  ''-._           Redis 6.2.6 (00000000/0) 64 bit
  .-`` .-```.  ```\/    _.,_ ''-._                                  
 (    '      ,       .-`  | `,    )     Running in standalone mode
 |`-._`-...-` __...-.``-._|'` _.-'|     Port: 6379
 |    `-._   `._    /     _.-'    |     PID: 1
  `-._    `-._  `-./  _.-'    _.-'                                   
 |`-._`-._    `-.__.-'    _.-'_.-'|                                  
 |    `-._`-._        _.-'_.-'    |           https://redis.io       
  `-._    `-._`-.__.-'_.-'    _.-'                                   
 |`-._`-._    `-.__.-'    _.-'_.-'|                                  
 |    `-._`-._        _.-'_.-'    |                                  
  `-._    `-._`-.__.-'_.-'    _.-'                                   
      `-._    `-.__.-'    _.-'                                       
          `-._        _.-'                                           
              `-.__.-'                                               

1:M 04 Feb 2023 18:26:51.467 # Server initialized
1:M 04 Feb 2023 18:26:51.487 * Ready to accept connections
1:C 04 Feb 2023 18:37:18.117 # oO0OoO0OoO0Oo Redis is starting oO0OoO0OoO0Oo
1:C 04 Feb 2023 18:37:18.141 # Redis version=6.2.6, bits=64, commit=00000000, modified=0, pid=1, just started
1:C 04 Feb 2023 18:37:18.147 # Configuration loaded
1:M 04 Feb 2023 18:37:18.195 * monotonic clock: POSIX clock_gettime
                _._                                                  
           _.-``__ ''-._                                             
      _.-``    `.  `_.  ''-._           Redis 6.2.6 (00000000/0) 64 bit
  .-`` .-```.  ```\/    _.,_ ''-._                                  
 (    '      ,       .-`  | `,    )     Running in standalone mode
 |`-._`-...-` __...-.``-._|'` _.-'|     Port: 6379
 |    `-._   `._    /     _.-'    |     PID: 1
  `-._    `-._  `-./  _.-'    _.-'                                   
 |`-._`-._    `-.__.-'    _.-'_.-'|                                  
 |    `-._`-._        _.-'_.-'    |           https://redis.io       
  `-._    `-._`-.__.-'_.-'    _.-'                                   
 |`-._`-._    `-.__.-'    _.-'_.-'|                                  
 |    `-._`-._        _.-'_.-'    |                                  
  `-._    `-._`-.__.-'_.-'    _.-'                                   
      `-._    `-.__.-'    _.-'                                       
          `-._        _.-'                                           
              `-.__.-'                                               

1:M 04 Feb 2023 18:37:18.216 # Server initialized
1:M 04 Feb 2023 18:37:18.223 * Ready to accept connections
1:C 04 Feb 2023 18:42:02.457 # oO0OoO0OoO0Oo Redis is starting oO0OoO0OoO0Oo
1:C 04 Feb 2023 18:42:02.482 # Redis version=6.2.6, bits=64, commit=00000000, modified=0, pid=1, just started
1:C 04 Feb 2023 18:42:02.485 # Configuration loaded
1:M 04 Feb 2023 18:42:02.489 * monotonic clock: POSIX clock_gettime
                _._                                                  
           _.-``__ ''-._                                             
      _.-``    `.  `_.  ''-._           Redis 6.2.6 (00000000/0) 64 bit
  .-`` .-```.  ```\/    _.,_ ''-._                                  
 (    '      ,       .-`  | `,    )     Running in standalone mode
 |`-._`-...-` __...-.``-._|'` _.-'|     Port: 6379
 |    `-._   `._    /     _.-'    |     PID: 1
  `-._    `-._  `-./  _.-'    _.-'                                   
 |`-._`-._    `-.__.-'    _.-'_.-'|                                  
 |    `-._`-._        _.-'_.-'    |           https://redis.io       
  `-._    `-._`-.__.-'_.-'    _.-'                                   
 |`-._`-._    `-.__.-'    _.-'_.-'|                                  
 |    `-._`-._        _.-'_.-'    |                                  
  `-._    `-._`-.__.-'_.-'    _.-'                                   
      `-._    `-.__.-'    _.-'                                       
          `-._        _.-'                                           
              `-.__.-'                                               

1:M 04 Feb 2023 18:42:02.516 # Server initialized
1:M 04 Feb 2023 18:42:02.522 * Ready to accept connections
11:C 04 Feb 2023 18:46:45.839 # oO0OoO0OoO0Oo Redis is starting oO0OoO0OoO0Oo
1:C 04 Feb 2023 18:46:45.842 # Redis version=6.2.6, bits=64, commit=00000000, modified=0, pid=1, just started
1:C 04 Feb 2023 18:46:45.844 # Configuration loaded
1:M 04 Feb 2023 18:46:45.848 * monotonic clock: POSIX clock_gettime
                _._                                                  
           _.-``__ ''-._                                             
      _.-``    `.  `_.  ''-._           Redis 6.2.6 (00000000/0) 64 bit
  .-`` .-```.  ```\/    _.,_ ''-._                                  
 (    '      ,       .-`  | `,    )     Running in standalone mode
 |`-._`-...-` __...-.``-._|'` _.-'|     Port: 6379
 |    `-._   `._    /     _.-'    |     PID: 1
  `-._    `-._  `-./  _.-'    _.-'                                   
 |`-._`-._    `-.__.-'    _.-'_.-'|                                  
 |    `-._`-._        _.-'_.-'    |           https://redis.io       
  `-._    `-._`-.__.-'_.-'    _.-'                                   
 |`-._`-._    `-.__.-'    _.-'_.-'|                                  
 |    `-._`-._        _.-'_.-'    |                                  
  `-._    `-._`-.__.-'_.-'    _.-'                                   
      `-._    `-.__.-'    _.-'                                       
          `-._        _.-'                                           
              `-.__.-'                                               

1:M 04 Feb 2023 18:46:45.874 # Server initialized
1:M 04 Feb 2023 18:46:45.879 * Ready to accept connections
1:signal-handler (1675537042) Received SIGTERM scheduling shutdown...1:C 04 Feb 2023 18:58:05.993 # oO0OoO0OoO0Oo Redis is starting oO0OoO0OoO0Oo
1:C 04 Feb 2023 18:58:05.995 # Redis version=6.2.6, bits=64, commit=00000000, modified=0, pid=1, just started
1:C 04 Feb 2023 18:58:05.997 # Configuration loaded
1:M 04 Feb 2023 18:58:06.001 * monotonic clock: POSIX clock_gettime
                _._                                                  
           _.-``__ ''-._                                             
      _.-``    `.  `_.  ''-._           Redis 6.2.6 (00000000/0) 64 bit
  .-`` .-```.  ```\/    _.,_ ''-._                                  
 (    '      ,       .-`  | `,    )     Running in standalone mode
 |`-._`-...-` __...-.``-._|'` _.-'|     Port: 6379
 |    `-._   `._    /     _.-'    |     PID: 1
  `-._    `-._  `-./  _.-'    _.-'                                   
 |`-._`-._    `-.__.-'    _.-'_.-'|                                  
 |    `-._`-._        _.-'_.-'    |           https://redis.io       
  `-._    `-._`-.__.-'_.-'    _.-'                                   
 |`-._`-._    `-.__.-'    _.-'_.-'|                                  
 |    `-._`-._        _.-'_.-'    |                                  
  `-._    `-._`-.__.-'_.-'    _.-'                                   
      `-._    `-.__.-'    _.-'                                       
          `-._        _.-'                                           
              `-.__.-'                                               

1:M 04 Feb 2023 18:58:06.011 # Server initialized
1:M 04 Feb 2023 18:58:06.015 * Ready to accept connections
1:C 07 Feb 2023 15:57:08.768 # oO0OoO0OoO0Oo Redis is starting oO0OoO0OoO0Oo
1:C 07 Feb 2023 15:57:08.772 # Redis version=6.2.6, bits=64, commit=00000000, modified=0, pid=1, just started
1:C 07 Feb 2023 15:57:08.778 # Configuration loaded
1:M 07 Feb 2023 15:57:08.781 * monotonic clock: POSIX clock_gettime
                _._                                                  
           _.-``__ ''-._                                             
      _.-``    `.  `_.  ''-._           Redis 6.2.6 (00000000/0) 64 bit
  .-`` .-```.  ```\/    _.,_ ''-._                                  
 (    '      ,       .-`  | `,    )     Running in standalone mode
 |`-._`-...-` __...-.``-._|'` _.-'|     Port: 6379
 |    `-._   `._    /     _.-'    |     PID: 1
  `-._    `-._  `-./  _.-'    _.-'                                   
 |`-._`-._    `-.__.-'    _.-'_.-'|                                  
 |    `-._`-._        _.-'_.-'    |           https://redis.io       
  `-._    `-._`-.__.-'_.-'    _.-'                                   
 |`-._`-._    `-.__.-'    _.-'_.-'|                                  
 |    `-._`-._        _.-'_.-'    |                                  
  `-._    `-._`-.__.-'_.-'    _.-'                                   
      `-._    `-.__.-'    _.-'                                       
          `-._        _.-'                                           
              `-.__.-'                                               

1:M 07 Feb 2023 15:57:08.790 # Server initialized
1:M 07 Feb 2023 15:57:08.800 * Ready to accept connections
1:C 19 Feb 2023 17:43:00.857 # oO0OoO0OoO0Oo Redis is starting oO0OoO0OoO0Oo
1:C 19 Feb 2023 17:43:00.857 # Redis version=6.2.6, bits=64, commit=00000000, modified=0, pid=1, just started
1:C 19 Feb 2023 17:43:00.857 # Configuration loaded
1:M 19 Feb 2023 17:43:00.858 * monotonic clock: POSIX clock_gettime
                _._                                                  
           _.-``__ ''-._                                             
      _.-``    `.  `_.  ''-._           Redis 6.2.6 (00000000/0) 64 bit
  .-`` .-```.  ```\/    _.,_ ''-._                                  
 (    '      ,       .-`  | `,    )     Running in standalone mode
 |`-._`-...-` __...-.``-._|'` _.-'|     Port: 6379
 |    `-._   `._    /     _.-'    |     PID: 1
  `-._    `-._  `-./  _.-'    _.-'                                   
 |`-._`-._    `-.__.-'    _.-'_.-'|                                  
 |    `-._`-._        _.-'_.-'    |           https://redis.io       
  `-._    `-._`-.__.-'_.-'    _.-'                                   
 |`-._`-._    `-.__.-'    _.-'_.-'|                                  
 |    `-._`-._        _.-'_.-'    |                                  
  `-._    `-._`-.__.-'_.-'    _.-'                                   
      `-._    `-.__.-'    _.-'                                       
          `-._        _.-'                                           
              `-.__.-'                                               

1:M 19 Feb 2023 17:43:00.859 # Server initialized
1:M 19 Feb 2023 17:43:00.859 # WARNING overcommit_memory is set to 0! Background save may fail under low memory condition. To fix this issue add 'vm.overcommit_memory = 1' to /etc/sysctl.conf and then reboot or run the command 'sysctl vm.overcommit_memory=1' for this to take effect.
1:M 19 Feb 2023 17:43:00.859 * Ready to accept connections
1:C 19 Feb 2023 17:47:19.533 # oO0OoO0OoO0Oo Redis is starting oO0OoO0OoO0Oo
1:C 19 Feb 2023 17:47:19.533 # Redis version=6.2.6, bits=64, commit=00000000, modified=0, pid=1, just started
1:C 19 Feb 2023 17:47:19.533 # Configuration loaded
1:M 19 Feb 2023 17:47:19.534 * monotonic clock: POSIX clock_gettime
                _._                                                  
           _.-``__ ''-._                                             
      _.-``    `.  `_.  ''-._           Redis 6.2.6 (00000000/0) 64 bit
  .-`` .-```.  ```\/    _.,_ ''-._                                  
 (    '      ,       .-`  | `,    )     Running in standalone mode
 |`-._`-...-` __...-.``-._|'` _.-'|     Port: 6379
 |    `-._   `._    /     _.-'    |     PID: 1
  `-._    `-._  `-./  _.-'    _.-'                                   
 |`-._`-._    `-.__.-'    _.-'_.-'|                                  
 |    `-._`-._        _.-'_.-'    |           https://redis.io       
  `-._    `-._`-.__.-'_.-'    _.-'                                   
 |`-._`-._    `-.__.-'    _.-'_.-'|                                  
 |    `-._`-._        _.-'_.-'    |                                  
  `-._    `-._`-.__.-'_.-'    _.-'                                   
      `-._    `-.__.-'    _.-'                                       
          `-._        _.-'                                           
              `-.__.-'                                               

1:M 19 Feb 2023 17:47:19.536 # Server initialized
1:M 19 Feb 2023 17:47:19.536 # WARNING overcommit_memory is set to 0! Background save may fail under low memory condition. To fix this issue add 'vm.overcommit_memory = 1' to /etc/sysctl.conf and then reboot or run the command 'sysctl vm.overcommit_memory=1' for this to take effect.
1:M 19 Feb 2023 17:47:19.537 * Ready to accept connections
1:C 19 Feb 2023 17:56:09.636 # oO0OoO0OoO0Oo Redis is starting oO0OoO0OoO0Oo
1:C 19 Feb 2023 17:56:09.638 # Redis version=6.2.6, bits=64, commit=00000000, modified=0, pid=1, just started
1:C 19 Feb 2023 17:56:09.638 # Configuration loaded
1:M 19 Feb 2023 17:56:09.638 * monotonic clock: POSIX clock_gettime
                _._                                                  
           _.-``__ ''-._                                             
      _.-``    `.  `_.  ''-._           Redis 6.2.6 (00000000/0) 64 bit
  .-`` .-```.  ```\/    _.,_ ''-._                                  
 (    '      ,       .-`  | `,    )     Running in standalone mode
 |`-._`-...-` __...-.``-._|'` _.-'|     Port: 6379
 |    `-._   `._    /     _.-'    |     PID: 1
  `-._    `-._  `-./  _.-'    _.-'                                   
 |`-._`-._    `-.__.-'    _.-'_.-'|                                  
 |    `-._`-._        _.-'_.-'    |           https://redis.io       
  `-._    `-._`-.__.-'_.-'    _.-'                                   
 |`-._`-._    `-.__.-'    _.-'_.-'|                                  
 |    `-._`-._        _.-'_.-'    |                                  
  `-._    `-._`-.__.-'_.-'    _.-'                                   
      `-._    `-.__.-'    _.-'                                       
          `-._        _.-'                                           
              `-.__.-'                                               

1:M 19 Feb 2023 17:56:09.639 # Server initialized
1:M 19 Feb 2023 17:56:09.639 # WARNING overcommit_memory is set to 0! Background save may fail under low memory condition. To fix this issue add 'vm.overcommit_memory = 1' to /etc/sysctl.conf and then reboot or run the command 'sysctl vm.overcommit_memory=1' for this to take effect.
1:M 19 Feb 2023 17:56:09.639 * Ready to accept connections
1:signal-handler (1676829657) Received SIGTERM scheduling shutdown...
1:M 19 Feb 2023 18:00:57.135 # User requested shutdown...
1:M 19 Feb 2023 18:00:57.135 * Calling fsync() on the AOF file.
1:M 19 Feb 2023 18:00:57.135 * Saving the final RDB snapshot before exiting.
1:M 19 Feb 2023 18:00:57.138 * DB saved on disk
1:M 19 Feb 2023 18:00:57.138 * Removing the pid file.
1:M 19 Feb 2023 18:00:57.138 # Redis is now ready to exit, bye bye...
